WARNING: A terminally deprecated method in sun.misc.Unsafe has been called
WARNING: sun.misc.Unsafe::staticFieldBase has been called by com.google.inject.internal.aop.HiddenClassDefiner (file:/opt/homebrew/Cellar/maven/3.9.11/libexec/lib/guice-5.1.0-classes.jar)
WARNING: Please consider reporting this to the maintainers of class com.google.inject.internal.aop.HiddenClassDefiner
WARNING: sun.misc.Unsafe::staticFieldBase will be removed in a future release
[INFO] Scanning for projects...
[WARNING] 
[WARNING] Some problems were encountered while building the effective model for br.lostpets:project:jar:0.0.1-SNAPSHOT
[WARNING] 'dependencies.dependency.(groupId:artifactId:type:classifier)' must be unique: commons-io:commons-io:jar -> duplicate declaration of version 2.5 @ line 78, column 15
[WARNING] 
[WARNING] It is highly recommended to fix these problems because they threaten the stability of your build.
[WARNING] 
[WARNING] For this reason, future Maven versions might no longer support building such malformed projects.
[WARNING] 
[INFO] 
[INFO] ------------------------< br.lostpets:project >-------------------------
[INFO] Building project 0.0.1-SNAPSHOT
[INFO]   from pom.xml
[INFO] --------------------------------[ jar ]---------------------------------
[WARNING] 1 problem was encountered while building the effective model for org.javassist:javassist:jar:3.20.0-GA during dependency collection step for project (use -X to see details)
[INFO] 
[INFO] --- resources:3.1.0:resources (default-resources) @ project ---
[INFO] Using 'UTF-8' encoding to copy filtered resources.
[INFO] Copying 1 resource
[INFO] Copying 34 resources
[INFO] 
[INFO] --- compiler:3.8.0:compile (default-compile) @ project ---
[INFO] Nothing to compile - all classes are up to date
[INFO] 
[INFO] --- resources:3.1.0:testResources (default-testResources) @ project ---
[INFO] Using 'UTF-8' encoding to copy filtered resources.
[INFO] Copying 1 resource
[INFO] 
[INFO] --- compiler:3.8.0:testCompile (default-testCompile) @ project ---
[INFO] Changes detected - recompiling the module!
[INFO] Compiling 18 source files to /Users/selab/Documents/lostpets/project/target/test-classes
[INFO] 
[INFO] --- surefire:2.22.1:test (default-test) @ project ---
[INFO] 
[INFO] -------------------------------------------------------
[INFO]  T E S T S
[INFO] -------------------------------------------------------
[INFO] Running br.lostpets.project.repository.LostPetRepositoryTest
14:33:11.155 [main] DEBUG org.springframework.test.context.junit4.SpringJUnit4ClassRunner - SpringJUnit4ClassRunner constructor called with [class br.lostpets.project.repository.LostPetRepositoryTest]
14:33:11.158 [main] DEBUG org.springframework.test.context.BootstrapUtils - Instantiating CacheAwareContextLoaderDelegate from class [org.springframework.test.context.cache.DefaultCacheAwareContextLoaderDelegate]
14:33:11.162 [main] DEBUG org.springframework.test.context.BootstrapUtils - Instantiating BootstrapContext using constructor [public org.springframework.test.context.support.DefaultBootstrapContext(java.lang.Class,org.springframework.test.context.CacheAwareContextLoaderDelegate)]
14:33:11.175 [main] DEBUG org.springframework.test.context.BootstrapUtils - Instantiating TestContextBootstrapper for test class [br.lostpets.project.repository.LostPetRepositoryTest] from class [org.springframework.boot.test.context.SpringBootTestContextBootstrapper]
14:33:11.183 [main] INFO org.springframework.boot.test.context.SpringBootTestContextBootstrapper - Neither @ContextConfiguration nor @ContextHierarchy found for test class [br.lostpets.project.repository.LostPetRepositoryTest], using SpringBootContextLoader
14:33:11.187 [main] DEBUG org.springframework.test.context.support.AbstractContextLoader - Did not detect default resource location for test class [br.lostpets.project.repository.LostPetRepositoryTest]: class path resource [br/lostpets/project/repository/LostPetRepositoryTest-context.xml] does not exist
14:33:11.188 [main] DEBUG org.springframework.test.context.support.AbstractContextLoader - Did not detect default resource location for test class [br.lostpets.project.repository.LostPetRepositoryTest]: class path resource [br/lostpets/project/repository/LostPetRepositoryTestContext.groovy] does not exist
14:33:11.188 [main] INFO org.springframework.test.context.support.AbstractContextLoader - Could not detect default resource locations for test class [br.lostpets.project.repository.LostPetRepositoryTest]: no resource found for suffixes {-context.xml, Context.groovy}.
14:33:11.188 [main] INFO org.springframework.test.context.support.AnnotationConfigContextLoaderUtils - Could not detect default configuration classes for test class [br.lostpets.project.repository.LostPetRepositoryTest]: LostPetRepositoryTest does not declare any static, non-private, non-final, nested classes annotated with @Configuration.
14:33:11.215 [main] DEBUG org.springframework.test.context.support.ActiveProfilesUtils - Could not find an 'annotation declaring class' for annotation type [org.springframework.test.context.ActiveProfiles] and class [br.lostpets.project.repository.LostPetRepositoryTest]
14:33:11.265 [main] DEBUG org.springframework.context.annotation.ClassPathScanningCandidateComponentProvider - Identified candidate component class: file [/Users/selab/Documents/lostpets/project/target/classes/br/lostpets/project/ProjectApplication.class]
14:33:11.266 [main] INFO org.springframework.boot.test.context.SpringBootTestContextBootstrapper - Found @SpringBootConfiguration br.lostpets.project.ProjectApplication for test class br.lostpets.project.repository.LostPetRepositoryTest
14:33:11.314 [main] DEBUG org.springframework.boot.test.context.SpringBootTestContextBootstrapper - @TestExecutionListeners is not present for class [br.lostpets.project.repository.LostPetRepositoryTest]: using defaults.
14:33:11.314 [main] INFO org.springframework.boot.test.context.SpringBootTestContextBootstrapper - Loaded default TestExecutionListener class names from location [META-INF/spring.factories]: [org.springframework.boot.test.mock.mockito.MockitoTestExecutionListener, org.springframework.boot.test.mock.mockito.ResetMocksTestExecutionListener, org.springframework.boot.test.autoconfigure.restdocs.RestDocsTestExecutionListener, org.springframework.boot.test.autoconfigure.web.client.MockRestServiceServerResetTestExecutionListener, org.springframework.boot.test.autoconfigure.web.servlet.MockMvcPrintOnlyOnFailureTestExecutionListener, org.springframework.boot.test.autoconfigure.web.servlet.WebDriverTestExecutionListener, org.springframework.test.context.web.ServletTestExecutionListener, org.springframework.test.context.support.DirtiesContextBeforeModesTestExecutionListener, org.springframework.test.context.support.DependencyInjectionTestExecutionListener, org.springframework.test.context.support.DirtiesContextTestExecutionListener, org.springframework.test.context.transaction.TransactionalTestExecutionListener, org.springframework.test.context.jdbc.SqlScriptsTestExecutionListener]
14:33:11.322 [main] INFO org.springframework.boot.test.context.SpringBootTestContextBootstrapper - Using TestExecutionListeners: [org.springframework.test.context.web.ServletTestExecutionListener@1e1a0406, org.springframework.test.context.support.DirtiesContextBeforeModesTestExecutionListener@3cebbb30, org.springframework.boot.test.mock.mockito.MockitoTestExecutionListener@12aba8be, org.springframework.boot.test.autoconfigure.SpringBootDependencyInjectionTestExecutionListener@290222c1, org.springframework.test.context.support.DirtiesContextTestExecutionListener@67f639d3, org.springframework.test.context.transaction.TransactionalTestExecutionListener@6253c26, org.springframework.test.context.jdbc.SqlScriptsTestExecutionListener@49049a04, org.springframework.boot.test.mock.mockito.ResetMocksTestExecutionListener@71a8adcf, org.springframework.boot.test.autoconfigure.restdocs.RestDocsTestExecutionListener@27462a88, org.springframework.boot.test.autoconfigure.web.client.MockRestServiceServerResetTestExecutionListener@82de64a, org.springframework.boot.test.autoconfigure.web.servlet.MockMvcPrintOnlyOnFailureTestExecutionListener@659499f1, org.springframework.boot.test.autoconfigure.web.servlet.WebDriverTestExecutionListener@51e69659]
14:33:11.323 [main] DEBUG org.springframework.test.annotation.ProfileValueUtils - Retrieved @ProfileValueSourceConfiguration [null] for test class [br.lostpets.project.repository.LostPetRepositoryTest]
14:33:11.323 [main] DEBUG org.springframework.test.annotation.ProfileValueUtils - Retrieved ProfileValueSource type [class org.springframework.test.annotation.SystemProfileValueSource] for class [br.lostpets.project.repository.LostPetRepositoryTest]
14:33:11.324 [main] DEBUG org.springframework.test.annotation.ProfileValueUtils - Retrieved @ProfileValueSourceConfiguration [null] for test class [br.lostpets.project.repository.LostPetRepositoryTest]
14:33:11.324 [main] DEBUG org.springframework.test.annotation.ProfileValueUtils - Retrieved ProfileValueSource type [class org.springframework.test.annotation.SystemProfileValueSource] for class [br.lostpets.project.repository.LostPetRepositoryTest]
14:33:11.324 [main] DEBUG org.springframework.test.annotation.ProfileValueUtils - Retrieved @ProfileValueSourceConfiguration [null] for test class [br.lostpets.project.repository.LostPetRepositoryTest]
14:33:11.324 [main] DEBUG org.springframework.test.annotation.ProfileValueUtils - Retrieved ProfileValueSource type [class org.springframework.test.annotation.SystemProfileValueSource] for class [br.lostpets.project.repository.LostPetRepositoryTest]
14:33:11.326 [main] DEBUG org.springframework.test.context.support.AbstractDirtiesContextTestExecutionListener - Before test class: context [DefaultTestContext@2e3967ea testClass = LostPetRepositoryTest, testInstance = [null], testMethod = [null], testException = [null], mergedContextConfiguration = [WebMergedContextConfiguration@70e9c95d testClass = LostPetRepositoryTest, locations = '{}', classes = '{class br.lostpets.project.ProjectApplication}', contextInitializerClasses = '[]', activeProfiles = '{}', propertySourceLocations = '{}', propertySourceProperties = '{org.springframework.boot.test.context.SpringBootTestContextBootstrapper=true}', contextCustomizers = set[org.springframework.boot.test.context.filter.ExcludeFilterContextCustomizer@13acb0d1, org.springframework.boot.test.json.DuplicateJsonObjectContextCustomizerFactory$DuplicateJsonObjectContextCustomizer@2b6856dd, org.springframework.boot.test.mock.mockito.MockitoContextCustomizer@0, org.springframework.boot.test.web.client.TestRestTemplateContextCustomizer@1198b989, org.springframework.boot.test.autoconfigure.properties.PropertyMappingContextCustomizer@0, org.springframework.boot.test.autoconfigure.web.servlet.WebDriverContextCustomizerFactory$Customizer@75f32542], resourceBasePath = 'src/main/webapp', contextLoader = 'org.springframework.boot.test.context.SpringBootContextLoader', parent = [null]], attributes = map['org.springframework.test.context.web.ServletTestExecutionListener.activateListener' -> true]], class annotated with @DirtiesContext [false] with mode [null].
14:33:11.326 [main] DEBUG org.springframework.test.annotation.ProfileValueUtils - Retrieved @ProfileValueSourceConfiguration [null] for test class [br.lostpets.project.repository.LostPetRepositoryTest]
14:33:11.326 [main] DEBUG org.springframework.test.annotation.ProfileValueUtils - Retrieved ProfileValueSource type [class org.springframework.test.annotation.SystemProfileValueSource] for class [br.lostpets.project.repository.LostPetRepositoryTest]
14:33:11.346 [main] DEBUG org.springframework.test.context.support.TestPropertySourceUtils - Adding inlined properties to environment: {spring.jmx.enabled=false, org.springframework.boot.test.context.SpringBootTestContextBootstrapper=true, server.port=-1}

  .   ____          _            __ _ _
 /\\ / ___'_ __ _ _(_)_ __  __ _ \ \ \ \
( ( )\___ | '_ | '_| | '_ \/ _` | \ \ \ \
 \\/  ___)| |_)| | | | | || (_| |  ) ) ) )
  '  |____| .__|_| |_|_| |_\__, | / / / /
 =========|_|==============|___/=/_/_/_/
 :: Spring Boot ::        (v2.1.3.RELEASE)

2025-12-15 14:33:16.540  WARN 90984 --- [           main] ory$DuplicateJsonObjectContextCustomizer : 

Found multiple occurrences of org.json.JSONObject on the class path:

	jar:file:/Users/selab/.m2/repository/org/json/json/20180813/json-20180813.jar!/org/json/JSONObject.class
	jar:file:/Users/selab/.m2/repository/com/vaadin/external/google/android-json/0.0.20131108.vaadin1/android-json-0.0.20131108.vaadin1.jar!/org/json/JSONObject.class

You may wish to exclude one of them to ensure predictable runtime behavior

2025-12-15 14:33:16.548  INFO 90984 --- [           main] b.l.p.repository.LostPetRepositoryTest   : Starting LostPetRepositoryTest on selabs-MacBook-Pro.local with PID 90984 (started by selab in /Users/selab/Documents/lostpets/project)
2025-12-15 14:33:16.549  INFO 90984 --- [           main] b.l.p.repository.LostPetRepositoryTest   : No active profile set, falling back to default profiles: default
2025-12-15 14:33:16.924  INFO 90984 --- [           main] .s.d.r.c.RepositoryConfigurationDelegate : Bootstrapping Spring Data repositories in DEFAULT mode.
2025-12-15 14:33:16.966  INFO 90984 --- [           main] .s.d.r.c.RepositoryConfigurationDelegate : Finished Spring Data repository scanning in 37ms. Found 3 repository interfaces.
2025-12-15 14:33:17.173  INFO 90984 --- [           main] trationDelegate$BeanPostProcessorChecker : Bean 'org.springframework.transaction.annotation.ProxyTransactionManagementConfiguration' of type [org.springframework.transaction.annotation.ProxyTransactionManagementConfiguration$$EnhancerBySpringCGLIB$$7a098f29] is not eligible for getting processed by all BeanPostProcessors (for example: not eligible for auto-proxying)
2025-12-15 14:33:17.295  INFO 90984 --- [           main] com.zaxxer.hikari.HikariDataSource       : HikariPool-1 - Starting...
2025-12-15 14:33:17.479  INFO 90984 --- [           main] com.zaxxer.hikari.HikariDataSource       : HikariPool-1 - Start completed.
2025-12-15 14:33:17.522  INFO 90984 --- [           main] o.hibernate.jpa.internal.util.LogHelper  : HHH000204: Processing PersistenceUnitInfo [
	name: default
	...]
2025-12-15 14:33:17.555  INFO 90984 --- [           main] org.hibernate.Version                    : HHH000412: Hibernate Core {5.3.7.Final}
2025-12-15 14:33:17.556  INFO 90984 --- [           main] org.hibernate.cfg.Environment            : HHH000206: hibernate.properties not found
2025-12-15 14:33:17.640  INFO 90984 --- [           main] o.hibernate.annotations.common.Version   : HCANN000001: Hibernate Commons Annotations {5.0.4.Final}
2025-12-15 14:33:17.704  INFO 90984 --- [           main] org.hibernate.dialect.Dialect            : HHH000400: Using dialect: org.hibernate.dialect.H2Dialect
2025-12-15 14:33:18.065  INFO 90984 --- [           main] o.h.t.schema.internal.SchemaCreatorImpl  : HHH000476: Executing import script 'org.hibernate.tool.schema.internal.exec.ScriptSourceInputNonExistentImpl@248b2b61'
2025-12-15 14:33:18.067  INFO 90984 --- [           main] j.LocalContainerEntityManagerFactoryBean : Initialized JPA EntityManagerFactory for persistence unit 'default'
2025-12-15 14:33:18.214  INFO 90984 --- [           main] o.h.h.i.QueryTranslatorFactoryInitiator  : HHH000397: Using ASTQueryTranslatorFactory
2025-12-15 14:33:18.324  INFO 90984 --- [           main] br.lostpets.project.service.ViaCep       : ViaCep service initialized
2025-12-15 14:33:18.498  INFO 90984 --- [           main] br.lostpets.project.utils.ConverterCSV   : Successfully converted Excel to CSV: animaisPerdidos/saida.txt
2025-12-15 14:33:18.501 ERROR 90984 --- [           main] br.lostpets.project.utils.ConverterCSV   : File format error - missing expected data

java.util.NoSuchElementException: null
	at java.base/java.util.Scanner.throwFor(Scanner.java:962) ~[na:na]
	at java.base/java.util.Scanner.next(Scanner.java:1503) ~[na:na]
	at br.lostpets.project.utils.ConverterCSV.importAnimals(ConverterCSV.java:130) ~[classes/:na]
	at br.lostpets.project.utils.ConverterCSV.<init>(ConverterCSV.java:37) ~[classes/:na]
	at java.base/jdk.internal.reflect.DirectConstructorHandleAccessor.newInstance(DirectConstructorHandleAccessor.java:62) ~[na:na]
	at java.base/java.lang.reflect.Constructor.newInstanceWithCaller(Constructor.java:499) ~[na:na]
	at java.base/java.lang.reflect.Constructor.newInstance(Constructor.java:483) ~[na:na]
	at org.springframework.beans.BeanUtils.instantiateClass(BeanUtils.java:172) ~[spring-beans-5.1.5.RELEASE.jar:5.1.5.RELEASE]
	at org.springframework.beans.factory.support.SimpleInstantiationStrategy.instantiate(SimpleInstantiationStrategy.java:87) ~[spring-beans-5.1.5.RELEASE.jar:5.1.5.RELEASE]
	at org.springframework.beans.factory.support.AbstractAutowireCapableBeanFactory.instantiateBean(AbstractAutowireCapableBeanFactory.java:1279) ~[spring-beans-5.1.5.RELEASE.jar:5.1.5.RELEASE]
	at org.springframework.beans.factory.support.AbstractAutowireCapableBeanFactory.createBeanInstance(AbstractAutowireCapableBeanFactory.java:1181) ~[spring-beans-5.1.5.RELEASE.jar:5.1.5.RELEASE]
	at org.springframework.beans.factory.support.AbstractAutowireCapableBeanFactory.doCreateBean(AbstractAutowireCapableBeanFactory.java:555) ~[spring-beans-5.1.5.RELEASE.jar:5.1.5.RELEASE]
	at org.springframework.beans.factory.support.AbstractAutowireCapableBeanFactory.createBean(AbstractAutowireCapableBeanFactory.java:515) ~[spring-beans-5.1.5.RELEASE.jar:5.1.5.RELEASE]
	at org.springframework.beans.factory.support.AbstractBeanFactory.lambda$doGetBean$0(AbstractBeanFactory.java:320) ~[spring-beans-5.1.5.RELEASE.jar:5.1.5.RELEASE]
	at org.springframework.beans.factory.support.DefaultSingletonBeanRegistry.getSingleton(DefaultSingletonBeanRegistry.java:222) ~[spring-beans-5.1.5.RELEASE.jar:5.1.5.RELEASE]
	at org.springframework.beans.factory.support.AbstractBeanFactory.doGetBean(AbstractBeanFactory.java:318) ~[spring-beans-5.1.5.RELEASE.jar:5.1.5.RELEASE]
	at org.springframework.beans.factory.support.AbstractBeanFactory.getBean(AbstractBeanFactory.java:199) ~[spring-beans-5.1.5.RELEASE.jar:5.1.5.RELEASE]
	at org.springframework.beans.factory.support.DefaultListableBeanFactory.preInstantiateSingletons(DefaultListableBeanFactory.java:849) ~[spring-beans-5.1.5.RELEASE.jar:5.1.5.RELEASE]
	at org.springframework.context.support.AbstractApplicationContext.finishBeanFactoryInitialization(AbstractApplicationContext.java:877) ~[spring-context-5.1.5.RELEASE.jar:5.1.5.RELEASE]
	at org.springframework.context.support.AbstractApplicationContext.refresh(AbstractApplicationContext.java:549) ~[spring-context-5.1.5.RELEASE.jar:5.1.5.RELEASE]
	at org.springframework.boot.SpringApplication.refresh(SpringApplication.java:775) ~[spring-boot-2.1.3.RELEASE.jar:2.1.3.RELEASE]
	at org.springframework.boot.SpringApplication.refreshContext(SpringApplication.java:397) ~[spring-boot-2.1.3.RELEASE.jar:2.1.3.RELEASE]
	at org.springframework.boot.SpringApplication.run(SpringApplication.java:316) ~[spring-boot-2.1.3.RELEASE.jar:2.1.3.RELEASE]
	at org.springframework.boot.test.context.SpringBootContextLoader.loadContext(SpringBootContextLoader.java:127) ~[spring-boot-test-2.1.3.RELEASE.jar:2.1.3.RELEASE]
	at org.springframework.test.context.cache.DefaultCacheAwareContextLoaderDelegate.loadContextInternal(DefaultCacheAwareContextLoaderDelegate.java:99) ~[spring-test-5.1.5.RELEASE.jar:5.1.5.RELEASE]
	at org.springframework.test.context.cache.DefaultCacheAwareContextLoaderDelegate.loadContext(DefaultCacheAwareContextLoaderDelegate.java:117) ~[spring-test-5.1.5.RELEASE.jar:5.1.5.RELEASE]
	at org.springframework.test.context.support.DefaultTestContext.getApplicationContext(DefaultTestContext.java:108) ~[spring-test-5.1.5.RELEASE.jar:5.1.5.RELEASE]
	at org.springframework.test.context.web.ServletTestExecutionListener.setUpRequestContextIfNecessary(ServletTestExecutionListener.java:190) ~[spring-test-5.1.5.RELEASE.jar:5.1.5.RELEASE]
	at org.springframework.test.context.web.ServletTestExecutionListener.prepareTestInstance(ServletTestExecutionListener.java:132) ~[spring-test-5.1.5.RELEASE.jar:5.1.5.RELEASE]
	at org.springframework.test.context.TestContextManager.prepareTestInstance(TestContextManager.java:246) ~[spring-test-5.1.5.RELEASE.jar:5.1.5.RELEASE]
	at org.springframework.test.context.junit4.SpringJUnit4ClassRunner.createTest(SpringJUnit4ClassRunner.java:227) ~[spring-test-5.1.5.RELEASE.jar:5.1.5.RELEASE]
	at org.springframework.test.context.junit4.SpringJUnit4ClassRunner$1.runReflectiveCall(SpringJUnit4ClassRunner.java:289) ~[spring-test-5.1.5.RELEASE.jar:5.1.5.RELEASE]
	at org.junit.internal.runners.model.ReflectiveCallable.run(ReflectiveCallable.java:12) ~[junit-4.12.jar:4.12]
	at org.springframework.test.context.junit4.SpringJUnit4ClassRunner.methodBlock(SpringJUnit4ClassRunner.java:291) ~[spring-test-5.1.5.RELEASE.jar:5.1.5.RELEASE]
	at org.springframework.test.context.junit4.SpringJUnit4ClassRunner.runChild(SpringJUnit4ClassRunner.java:246) ~[spring-test-5.1.5.RELEASE.jar:5.1.5.RELEASE]
	at org.springframework.test.context.junit4.SpringJUnit4ClassRunner.runChild(SpringJUnit4ClassRunner.java:97) ~[spring-test-5.1.5.RELEASE.jar:5.1.5.RELEASE]
	at org.junit.runners.ParentRunner$3.run(ParentRunner.java:290) ~[junit-4.12.jar:4.12]
	at org.junit.runners.ParentRunner$1.schedule(ParentRunner.java:71) ~[junit-4.12.jar:4.12]
	at org.junit.runners.ParentRunner.runChildren(ParentRunner.java:288) ~[junit-4.12.jar:4.12]
	at org.junit.runners.ParentRunner.access$000(ParentRunner.java:58) ~[junit-4.12.jar:4.12]
	at org.junit.runners.ParentRunner$2.evaluate(ParentRunner.java:268) ~[junit-4.12.jar:4.12]
	at org.springframework.test.context.junit4.statements.RunBeforeTestClassCallbacks.evaluate(RunBeforeTestClassCallbacks.java:61) ~[spring-test-5.1.5.RELEASE.jar:5.1.5.RELEASE]
	at org.springframework.test.context.junit4.statements.RunAfterTestClassCallbacks.evaluate(RunAfterTestClassCallbacks.java:70) ~[spring-test-5.1.5.RELEASE.jar:5.1.5.RELEASE]
	at org.junit.runners.ParentRunner.run(ParentRunner.java:363) ~[junit-4.12.jar:4.12]
	at org.springframework.test.context.junit4.SpringJUnit4ClassRunner.run(SpringJUnit4ClassRunner.java:190) ~[spring-test-5.1.5.RELEASE.jar:5.1.5.RELEASE]
	at org.apache.maven.surefire.junit4.JUnit4Provider.execute(JUnit4Provider.java:365) ~[surefire-junit4-2.22.1.jar:2.22.1]
	at org.apache.maven.surefire.junit4.JUnit4Provider.executeWithRerun(JUnit4Provider.java:273) ~[surefire-junit4-2.22.1.jar:2.22.1]
	at org.apache.maven.surefire.junit4.JUnit4Provider.executeTestSet(JUnit4Provider.java:238) ~[surefire-junit4-2.22.1.jar:2.22.1]
	at org.apache.maven.surefire.junit4.JUnit4Provider.invoke(JUnit4Provider.java:159) ~[surefire-junit4-2.22.1.jar:2.22.1]
	at org.apache.maven.surefire.booter.ForkedBooter.invokeProviderInSameClassLoader(ForkedBooter.java:384) ~[surefire-booter-2.22.1.jar:2.22.1]
	at org.apache.maven.surefire.booter.ForkedBooter.runSuitesInProcess(ForkedBooter.java:345) ~[surefire-booter-2.22.1.jar:2.22.1]
	at org.apache.maven.surefire.booter.ForkedBooter.execute(ForkedBooter.java:126) ~[surefire-booter-2.22.1.jar:2.22.1]
	at org.apache.maven.surefire.booter.ForkedBooter.main(ForkedBooter.java:418) ~[surefire-booter-2.22.1.jar:2.22.1]

2025-12-15 14:33:18.729  INFO 90984 --- [           main] o.s.s.concurrent.ThreadPoolTaskExecutor  : Initializing ExecutorService 'applicationTaskExecutor'
2025-12-15 14:33:18.750  WARN 90984 --- [           main] aWebConfiguration$JpaWebMvcConfiguration : spring.jpa.open-in-view is enabled by default. Therefore, database queries may be performed during view rendering. Explicitly configure spring.jpa.open-in-view to disable this warning
2025-12-15 14:33:18.904  INFO 90984 --- [           main] b.l.p.repository.LostPetRepositoryTest   : Started LostPetRepositoryTest in 7.552 seconds (JVM running for 7.951)
2025-12-15 14:33:18.923  INFO 90984 --- [           main] o.s.t.c.transaction.TransactionContext   : Began transaction (1) for test context [DefaultTestContext@2e3967ea testClass = LostPetRepositoryTest, testInstance = br.lostpets.project.repository.LostPetRepositoryTest@691a5c3a, testMethod = getAnimalPorId@LostPetRepositoryTest, testException = [null], mergedContextConfiguration = [WebMergedContextConfiguration@70e9c95d testClass = LostPetRepositoryTest, locations = '{}', classes = '{class br.lostpets.project.ProjectApplication}', contextInitializerClasses = '[]', activeProfiles = '{}', propertySourceLocations = '{}', propertySourceProperties = '{org.springframework.boot.test.context.SpringBootTestContextBootstrapper=true}', contextCustomizers = set[org.springframework.boot.test.context.filter.ExcludeFilterContextCustomizer@13acb0d1, org.springframework.boot.test.json.DuplicateJsonObjectContextCustomizerFactory$DuplicateJsonObjectContextCustomizer@2b6856dd, org.springframework.boot.test.mock.mockito.MockitoContextCustomizer@0, org.springframework.boot.test.web.client.TestRestTemplateContextCustomizer@1198b989, org.springframework.boot.test.autoconfigure.properties.PropertyMappingContextCustomizer@0, org.springframework.boot.test.autoconfigure.web.servlet.WebDriverContextCustomizerFactory$Customizer@75f32542], resourceBasePath = 'src/main/webapp', contextLoader = 'org.springframework.boot.test.context.SpringBootContextLoader', parent = [null]], attributes = map['org.springframework.test.context.web.ServletTestExecutionListener.activateListener' -> true, 'org.springframework.test.context.web.ServletTestExecutionListener.populatedRequestContextHolder' -> true, 'org.springframework.test.context.web.ServletTestExecutionListener.resetRequestContextHolder' -> true]]; transaction manager [org.springframework.orm.jpa.JpaTransactionManager@7267006e]; rollback [true]
2025-12-15 14:33:18.994  INFO 90984 --- [           main] o.s.t.c.transaction.TransactionContext   : Rolled back transaction for test: [DefaultTestContext@2e3967ea testClass = LostPetRepositoryTest, testInstance = br.lostpets.project.repository.LostPetRepositoryTest@691a5c3a, testMethod = getAnimalPorId@LostPetRepositoryTest, testException = [null], mergedContextConfiguration = [WebMergedContextConfiguration@70e9c95d testClass = LostPetRepositoryTest, locations = '{}', classes = '{class br.lostpets.project.ProjectApplication}', contextInitializerClasses = '[]', activeProfiles = '{}', propertySourceLocations = '{}', propertySourceProperties = '{org.springframework.boot.test.context.SpringBootTestContextBootstrapper=true}', contextCustomizers = set[org.springframework.boot.test.context.filter.ExcludeFilterContextCustomizer@13acb0d1, org.springframework.boot.test.json.DuplicateJsonObjectContextCustomizerFactory$DuplicateJsonObjectContextCustomizer@2b6856dd, org.springframework.boot.test.mock.mockito.MockitoContextCustomizer@0, org.springframework.boot.test.web.client.TestRestTemplateContextCustomizer@1198b989, org.springframework.boot.test.autoconfigure.properties.PropertyMappingContextCustomizer@0, org.springframework.boot.test.autoconfigure.web.servlet.WebDriverContextCustomizerFactory$Customizer@75f32542], resourceBasePath = 'src/main/webapp', contextLoader = 'org.springframework.boot.test.context.SpringBootContextLoader', parent = [null]], attributes = map['org.springframework.test.context.web.ServletTestExecutionListener.activateListener' -> true, 'org.springframework.test.context.web.ServletTestExecutionListener.populatedRequestContextHolder' -> true, 'org.springframework.test.context.web.ServletTestExecutionListener.resetRequestContextHolder' -> true]]
[INFO] Tests run: 1, Failures: 0, Errors: 0, Skipped: 0, Time elapsed: 7.899 s - in br.lostpets.project.repository.LostPetRepositoryTest
[INFO] Running br.lostpets.project.repository.FoundAnimalRepositoryTest
2025-12-15 14:33:18.995  INFO 90984 --- [           main] .b.t.c.SpringBootTestContextBootstrapper : Neither @ContextConfiguration nor @ContextHierarchy found for test class [br.lostpets.project.repository.FoundAnimalRepositoryTest], using SpringBootContextLoader
2025-12-15 14:33:18.996  INFO 90984 --- [           main] o.s.t.c.support.AbstractContextLoader    : Could not detect default resource locations for test class [br.lostpets.project.repository.FoundAnimalRepositoryTest]: no resource found for suffixes {-context.xml, Context.groovy}.
2025-12-15 14:33:18.996  INFO 90984 --- [           main] t.c.s.AnnotationConfigContextLoaderUtils : Could not detect default configuration classes for test class [br.lostpets.project.repository.FoundAnimalRepositoryTest]: FoundAnimalRepositoryTest does not declare any static, non-private, non-final, nested classes annotated with @Configuration.
2025-12-15 14:33:18.996  INFO 90984 --- [           main] .b.t.c.SpringBootTestContextBootstrapper : Found @SpringBootConfiguration br.lostpets.project.ProjectApplication for test class br.lostpets.project.repository.FoundAnimalRepositoryTest
2025-12-15 14:33:18.997  INFO 90984 --- [           main] .b.t.c.SpringBootTestContextBootstrapper : Loaded default TestExecutionListener class names from location [META-INF/spring.factories]: [org.springframework.boot.test.mock.mockito.MockitoTestExecutionListener, org.springframework.boot.test.mock.mockito.ResetMocksTestExecutionListener, org.springframework.boot.test.autoconfigure.restdocs.RestDocsTestExecutionListener, org.springframework.boot.test.autoconfigure.web.client.MockRestServiceServerResetTestExecutionListener, org.springframework.boot.test.autoconfigure.web.servlet.MockMvcPrintOnlyOnFailureTestExecutionListener, org.springframework.boot.test.autoconfigure.web.servlet.WebDriverTestExecutionListener, org.springframework.test.context.web.ServletTestExecutionListener, org.springframework.test.context.support.DirtiesContextBeforeModesTestExecutionListener, org.springframework.test.context.support.DependencyInjectionTestExecutionListener, org.springframework.test.context.support.DirtiesContextTestExecutionListener, org.springframework.test.context.transaction.TransactionalTestExecutionListener, org.springframework.test.context.jdbc.SqlScriptsTestExecutionListener]
2025-12-15 14:33:18.997  INFO 90984 --- [           main] .b.t.c.SpringBootTestContextBootstrapper : Using TestExecutionListeners: [org.springframework.test.context.web.ServletTestExecutionListener@9a74a93, org.springframework.test.context.support.DirtiesContextBeforeModesTestExecutionListener@255d4d7, org.springframework.boot.test.mock.mockito.MockitoTestExecutionListener@426bf2f2, org.springframework.boot.test.autoconfigure.SpringBootDependencyInjectionTestExecutionListener@2cfd9b0a, org.springframework.test.context.support.DirtiesContextTestExecutionListener@1f3dafd4, org.springframework.test.context.transaction.TransactionalTestExecutionListener@33622388, org.springframework.test.context.jdbc.SqlScriptsTestExecutionListener@2e03bb74, org.springframework.boot.test.mock.mockito.ResetMocksTestExecutionListener@6e664075, org.springframework.boot.test.autoconfigure.restdocs.RestDocsTestExecutionListener@1c571162, org.springframework.boot.test.autoconfigure.web.client.MockRestServiceServerResetTestExecutionListener@3e0b1f03, org.springframework.boot.test.autoconfigure.web.servlet.MockMvcPrintOnlyOnFailureTestExecutionListener@d60cbad, org.springframework.boot.test.autoconfigure.web.servlet.WebDriverTestExecutionListener@51d9479c]
2025-12-15 14:33:18.998  INFO 90984 --- [           main] o.s.t.c.transaction.TransactionContext   : Began transaction (1) for test context [DefaultTestContext@7a22302c testClass = FoundAnimalRepositoryTest, testInstance = br.lostpets.project.repository.FoundAnimalRepositoryTest@4af50246, testMethod = cadastrarAnimalAchado@FoundAnimalRepositoryTest, testException = [null], mergedContextConfiguration = [WebMergedContextConfiguration@45482f82 testClass = FoundAnimalRepositoryTest, locations = '{}', classes = '{class br.lostpets.project.ProjectApplication}', contextInitializerClasses = '[]', activeProfiles = '{}', propertySourceLocations = '{}', propertySourceProperties = '{org.springframework.boot.test.context.SpringBootTestContextBootstrapper=true}', contextCustomizers = set[org.springframework.boot.test.context.filter.ExcludeFilterContextCustomizer@13acb0d1, org.springframework.boot.test.json.DuplicateJsonObjectContextCustomizerFactory$DuplicateJsonObjectContextCustomizer@2b6856dd, org.springframework.boot.test.mock.mockito.MockitoContextCustomizer@0, org.springframework.boot.test.web.client.TestRestTemplateContextCustomizer@1198b989, org.springframework.boot.test.autoconfigure.properties.PropertyMappingContextCustomizer@0, org.springframework.boot.test.autoconfigure.web.servlet.WebDriverContextCustomizerFactory$Customizer@75f32542], resourceBasePath = 'src/main/webapp', contextLoader = 'org.springframework.boot.test.context.SpringBootContextLoader', parent = [null]], attributes = map['org.springframework.test.context.web.ServletTestExecutionListener.activateListener' -> true, 'org.springframework.test.context.web.ServletTestExecutionListener.populatedRequestContextHolder' -> true, 'org.springframework.test.context.web.ServletTestExecutionListener.resetRequestContextHolder' -> true]]; transaction manager [org.springframework.orm.jpa.JpaTransactionManager@7267006e]; rollback [true]
2025-12-15 14:33:19.006  INFO 90984 --- [           main] o.s.t.c.transaction.TransactionContext   : Rolled back transaction for test: [DefaultTestContext@7a22302c testClass = FoundAnimalRepositoryTest, testInstance = br.lostpets.project.repository.FoundAnimalRepositoryTest@4af50246, testMethod = cadastrarAnimalAchado@FoundAnimalRepositoryTest, testException = [null], mergedContextConfiguration = [WebMergedContextConfiguration@45482f82 testClass = FoundAnimalRepositoryTest, locations = '{}', classes = '{class br.lostpets.project.ProjectApplication}', contextInitializerClasses = '[]', activeProfiles = '{}', propertySourceLocations = '{}', propertySourceProperties = '{org.springframework.boot.test.context.SpringBootTestContextBootstrapper=true}', contextCustomizers = set[org.springframework.boot.test.context.filter.ExcludeFilterContextCustomizer@13acb0d1, org.springframework.boot.test.json.DuplicateJsonObjectContextCustomizerFactory$DuplicateJsonObjectContextCustomizer@2b6856dd, org.springframework.boot.test.mock.mockito.MockitoContextCustomizer@0, org.springframework.boot.test.web.client.TestRestTemplateContextCustomizer@1198b989, org.springframework.boot.test.autoconfigure.properties.PropertyMappingContextCustomizer@0, org.springframework.boot.test.autoconfigure.web.servlet.WebDriverContextCustomizerFactory$Customizer@75f32542], resourceBasePath = 'src/main/webapp', contextLoader = 'org.springframework.boot.test.context.SpringBootContextLoader', parent = [null]], attributes = map['org.springframework.test.context.web.ServletTestExecutionListener.activateListener' -> true, 'org.springframework.test.context.web.ServletTestExecutionListener.populatedRequestContextHolder' -> true, 'org.springframework.test.context.web.ServletTestExecutionListener.resetRequestContextHolder' -> true]]
[INFO] Tests run: 1, Failures: 0, Errors: 0, Skipped: 0, Time elapsed: 0.002 s - in br.lostpets.project.repository.FoundAnimalRepositoryTest
[INFO] Running br.lostpets.project.repository.UserRepositoryTest
2025-12-15 14:33:19.007  INFO 90984 --- [           main] .b.t.c.SpringBootTestContextBootstrapper : Neither @ContextConfiguration nor @ContextHierarchy found for test class [br.lostpets.project.repository.UserRepositoryTest], using SpringBootContextLoader
2025-12-15 14:33:19.007  INFO 90984 --- [           main] o.s.t.c.support.AbstractContextLoader    : Could not detect default resource locations for test class [br.lostpets.project.repository.UserRepositoryTest]: no resource found for suffixes {-context.xml, Context.groovy}.
2025-12-15 14:33:19.007  INFO 90984 --- [           main] t.c.s.AnnotationConfigContextLoaderUtils : Could not detect default configuration classes for test class [br.lostpets.project.repository.UserRepositoryTest]: UserRepositoryTest does not declare any static, non-private, non-final, nested classes annotated with @Configuration.
2025-12-15 14:33:19.008  INFO 90984 --- [           main] .b.t.c.SpringBootTestContextBootstrapper : Found @SpringBootConfiguration br.lostpets.project.ProjectApplication for test class br.lostpets.project.repository.UserRepositoryTest
2025-12-15 14:33:19.008  INFO 90984 --- [           main] .b.t.c.SpringBootTestContextBootstrapper : Loaded default TestExecutionListener class names from location [META-INF/spring.factories]: [org.springframework.boot.test.mock.mockito.MockitoTestExecutionListener, org.springframework.boot.test.mock.mockito.ResetMocksTestExecutionListener, org.springframework.boot.test.autoconfigure.restdocs.RestDocsTestExecutionListener, org.springframework.boot.test.autoconfigure.web.client.MockRestServiceServerResetTestExecutionListener, org.springframework.boot.test.autoconfigure.web.servlet.MockMvcPrintOnlyOnFailureTestExecutionListener, org.springframework.boot.test.autoconfigure.web.servlet.WebDriverTestExecutionListener, org.springframework.test.context.web.ServletTestExecutionListener, org.springframework.test.context.support.DirtiesContextBeforeModesTestExecutionListener, org.springframework.test.context.support.DependencyInjectionTestExecutionListener, org.springframework.test.context.support.DirtiesContextTestExecutionListener, org.springframework.test.context.transaction.TransactionalTestExecutionListener, org.springframework.test.context.jdbc.SqlScriptsTestExecutionListener]
2025-12-15 14:33:19.008  INFO 90984 --- [           main] .b.t.c.SpringBootTestContextBootstrapper : Using TestExecutionListeners: [org.springframework.test.context.web.ServletTestExecutionListener@48928b57, org.springframework.test.context.support.DirtiesContextBeforeModesTestExecutionListener@29088be1, org.springframework.boot.test.mock.mockito.MockitoTestExecutionListener@1c09bb7a, org.springframework.boot.test.autoconfigure.SpringBootDependencyInjectionTestExecutionListener@15a6a91f, org.springframework.test.context.support.DirtiesContextTestExecutionListener@493250cf, org.springframework.test.context.transaction.TransactionalTestExecutionListener@24888d8b, org.springframework.test.context.jdbc.SqlScriptsTestExecutionListener@750b200b, org.springframework.boot.test.mock.mockito.ResetMocksTestExecutionListener@55c581e4, org.springframework.boot.test.autoconfigure.restdocs.RestDocsTestExecutionListener@eaa07bb, org.springframework.boot.test.autoconfigure.web.client.MockRestServiceServerResetTestExecutionListener@6eae3730, org.springframework.boot.test.autoconfigure.web.servlet.MockMvcPrintOnlyOnFailureTestExecutionListener@42095996, org.springframework.boot.test.autoconfigure.web.servlet.WebDriverTestExecutionListener@3b3a3a92]
2025-12-15 14:33:19.011  INFO 90984 --- [           main] o.s.t.c.transaction.TransactionContext   : Began transaction (1) for test context [DefaultTestContext@1832b0f6 testClass = UserRepositoryTest, testInstance = br.lostpets.project.repository.UserRepositoryTest@6693818c, testMethod = cadastraTodoUsuario@UserRepositoryTest, testException = [null], mergedContextConfiguration = [WebMergedContextConfiguration@4281a26f testClass = UserRepositoryTest, locations = '{}', classes = '{class br.lostpets.project.ProjectApplication}', contextInitializerClasses = '[]', activeProfiles = '{}', propertySourceLocations = '{}', propertySourceProperties = '{org.springframework.boot.test.context.SpringBootTestContextBootstrapper=true}', contextCustomizers = set[org.springframework.boot.test.context.filter.ExcludeFilterContextCustomizer@13acb0d1, org.springframework.boot.test.json.DuplicateJsonObjectContextCustomizerFactory$DuplicateJsonObjectContextCustomizer@2b6856dd, org.springframework.boot.test.mock.mockito.MockitoContextCustomizer@0, org.springframework.boot.test.web.client.TestRestTemplateContextCustomizer@1198b989, org.springframework.boot.test.autoconfigure.properties.PropertyMappingContextCustomizer@0, org.springframework.boot.test.autoconfigure.web.servlet.WebDriverContextCustomizerFactory$Customizer@75f32542], resourceBasePath = 'src/main/webapp', contextLoader = 'org.springframework.boot.test.context.SpringBootContextLoader', parent = [null]], attributes = map['org.springframework.test.context.web.ServletTestExecutionListener.activateListener' -> true, 'org.springframework.test.context.web.ServletTestExecutionListener.populatedRequestContextHolder' -> true, 'org.springframework.test.context.web.ServletTestExecutionListener.resetRequestContextHolder' -> true]]; transaction manager [org.springframework.orm.jpa.JpaTransactionManager@7267006e]; rollback [true]
2025-12-15 14:33:19.016  INFO 90984 --- [           main] o.s.t.c.transaction.TransactionContext   : Rolled back transaction for test: [DefaultTestContext@1832b0f6 testClass = UserRepositoryTest, testInstance = br.lostpets.project.repository.UserRepositoryTest@6693818c, testMethod = cadastraTodoUsuario@UserRepositoryTest, testException = [null], mergedContextConfiguration = [WebMergedContextConfiguration@4281a26f testClass = UserRepositoryTest, locations = '{}', classes = '{class br.lostpets.project.ProjectApplication}', contextInitializerClasses = '[]', activeProfiles = '{}', propertySourceLocations = '{}', propertySourceProperties = '{org.springframework.boot.test.context.SpringBootTestContextBootstrapper=true}', contextCustomizers = set[org.springframework.boot.test.context.filter.ExcludeFilterContextCustomizer@13acb0d1, org.springframework.boot.test.json.DuplicateJsonObjectContextCustomizerFactory$DuplicateJsonObjectContextCustomizer@2b6856dd, org.springframework.boot.test.mock.mockito.MockitoContextCustomizer@0, org.springframework.boot.test.web.client.TestRestTemplateContextCustomizer@1198b989, org.springframework.boot.test.autoconfigure.properties.PropertyMappingContextCustomizer@0, org.springframework.boot.test.autoconfigure.web.servlet.WebDriverContextCustomizerFactory$Customizer@75f32542], resourceBasePath = 'src/main/webapp', contextLoader = 'org.springframework.boot.test.context.SpringBootContextLoader', parent = [null]], attributes = map['org.springframework.test.context.web.ServletTestExecutionListener.activateListener' -> true, 'org.springframework.test.context.web.ServletTestExecutionListener.populatedRequestContextHolder' -> true, 'org.springframework.test.context.web.ServletTestExecutionListener.resetRequestContextHolder' -> true]]
2025-12-15 14:33:19.017  INFO 90984 --- [           main] o.s.t.c.transaction.TransactionContext   : Began transaction (1) for test context [DefaultTestContext@1832b0f6 testClass = UserRepositoryTest, testInstance = br.lostpets.project.repository.UserRepositoryTest@7c1c0892, testMethod = permitirUsuario@UserRepositoryTest, testException = [null], mergedContextConfiguration = [WebMergedContextConfiguration@4281a26f testClass = UserRepositoryTest, locations = '{}', classes = '{class br.lostpets.project.ProjectApplication}', contextInitializerClasses = '[]', activeProfiles = '{}', propertySourceLocations = '{}', propertySourceProperties = '{org.springframework.boot.test.context.SpringBootTestContextBootstrapper=true}', contextCustomizers = set[org.springframework.boot.test.context.filter.ExcludeFilterContextCustomizer@13acb0d1, org.springframework.boot.test.json.DuplicateJsonObjectContextCustomizerFactory$DuplicateJsonObjectContextCustomizer@2b6856dd, org.springframework.boot.test.mock.mockito.MockitoContextCustomizer@0, org.springframework.boot.test.web.client.TestRestTemplateContextCustomizer@1198b989, org.springframework.boot.test.autoconfigure.properties.PropertyMappingContextCustomizer@0, org.springframework.boot.test.autoconfigure.web.servlet.WebDriverContextCustomizerFactory$Customizer@75f32542], resourceBasePath = 'src/main/webapp', contextLoader = 'org.springframework.boot.test.context.SpringBootContextLoader', parent = [null]], attributes = map['org.springframework.test.context.web.ServletTestExecutionListener.activateListener' -> true, 'org.springframework.test.context.web.ServletTestExecutionListener.populatedRequestContextHolder' -> true, 'org.springframework.test.context.web.ServletTestExecutionListener.resetRequestContextHolder' -> true]]; transaction manager [org.springframework.orm.jpa.JpaTransactionManager@7267006e]; rollback [true]
2025-12-15 14:33:19.022  INFO 90984 --- [           main] o.s.t.c.transaction.TransactionContext   : Rolled back transaction for test: [DefaultTestContext@1832b0f6 testClass = UserRepositoryTest, testInstance = br.lostpets.project.repository.UserRepositoryTest@7c1c0892, testMethod = permitirUsuario@UserRepositoryTest, testException = [null], mergedContextConfiguration = [WebMergedContextConfiguration@4281a26f testClass = UserRepositoryTest, locations = '{}', classes = '{class br.lostpets.project.ProjectApplication}', contextInitializerClasses = '[]', activeProfiles = '{}', propertySourceLocations = '{}', propertySourceProperties = '{org.springframework.boot.test.context.SpringBootTestContextBootstrapper=true}', contextCustomizers = set[org.springframework.boot.test.context.filter.ExcludeFilterContextCustomizer@13acb0d1, org.springframework.boot.test.json.DuplicateJsonObjectContextCustomizerFactory$DuplicateJsonObjectContextCustomizer@2b6856dd, org.springframework.boot.test.mock.mockito.MockitoContextCustomizer@0, org.springframework.boot.test.web.client.TestRestTemplateContextCustomizer@1198b989, org.springframework.boot.test.autoconfigure.properties.PropertyMappingContextCustomizer@0, org.springframework.boot.test.autoconfigure.web.servlet.WebDriverContextCustomizerFactory$Customizer@75f32542], resourceBasePath = 'src/main/webapp', contextLoader = 'org.springframework.boot.test.context.SpringBootContextLoader', parent = [null]], attributes = map['org.springframework.test.context.web.ServletTestExecutionListener.activateListener' -> true, 'org.springframework.test.context.web.ServletTestExecutionListener.populatedRequestContextHolder' -> true, 'org.springframework.test.context.web.ServletTestExecutionListener.resetRequestContextHolder' -> true]]
[INFO] Tests run: 2, Failures: 0, Errors: 0, Skipped: 0, Time elapsed: 0.004 s - in br.lostpets.project.repository.UserRepositoryTest
[INFO] Running br.lostpets.project.model.valueobject.PhoneNumberTest
[INFO] Tests run: 8, Failures: 0, Errors: 0, Skipped: 0, Time elapsed: 0 s - in br.lostpets.project.model.valueobject.PhoneNumberTest
[INFO] Running br.lostpets.project.model.valueobject.PetStatusTest
[INFO] Tests run: 5, Failures: 0, Errors: 0, Skipped: 0, Time elapsed: 0.001 s - in br.lostpets.project.model.valueobject.PetStatusTest
[INFO] Running br.lostpets.project.model.valueobject.PostalCodeTest
[INFO] Tests run: 7, Failures: 0, Errors: 0, Skipped: 0, Time elapsed: 0.001 s - in br.lostpets.project.model.valueobject.PostalCodeTest
[INFO] Running br.lostpets.project.model.LostPetBuilderTest
2025-12-15 14:33:19.030  INFO 90984 --- [           main] .b.t.c.SpringBootTestContextBootstrapper : Neither @ContextConfiguration nor @ContextHierarchy found for test class [br.lostpets.project.model.LostPetBuilderTest], using SpringBootContextLoader
2025-12-15 14:33:19.031  INFO 90984 --- [           main] o.s.t.c.support.AbstractContextLoader    : Could not detect default resource locations for test class [br.lostpets.project.model.LostPetBuilderTest]: no resource found for suffixes {-context.xml, Context.groovy}.
2025-12-15 14:33:19.031  INFO 90984 --- [           main] t.c.s.AnnotationConfigContextLoaderUtils : Could not detect default configuration classes for test class [br.lostpets.project.model.LostPetBuilderTest]: LostPetBuilderTest does not declare any static, non-private, non-final, nested classes annotated with @Configuration.
2025-12-15 14:33:19.039  INFO 90984 --- [           main] .b.t.c.SpringBootTestContextBootstrapper : Found @SpringBootConfiguration br.lostpets.project.ProjectApplication for test class br.lostpets.project.model.LostPetBuilderTest
2025-12-15 14:33:19.041  INFO 90984 --- [           main] .b.t.c.SpringBootTestContextBootstrapper : Loaded default TestExecutionListener class names from location [META-INF/spring.factories]: [org.springframework.boot.test.mock.mockito.MockitoTestExecutionListener, org.springframework.boot.test.mock.mockito.ResetMocksTestExecutionListener, org.springframework.boot.test.autoconfigure.restdocs.RestDocsTestExecutionListener, org.springframework.boot.test.autoconfigure.web.client.MockRestServiceServerResetTestExecutionListener, org.springframework.boot.test.autoconfigure.web.servlet.MockMvcPrintOnlyOnFailureTestExecutionListener, org.springframework.boot.test.autoconfigure.web.servlet.WebDriverTestExecutionListener, org.springframework.test.context.web.ServletTestExecutionListener, org.springframework.test.context.support.DirtiesContextBeforeModesTestExecutionListener, org.springframework.test.context.support.DependencyInjectionTestExecutionListener, org.springframework.test.context.support.DirtiesContextTestExecutionListener, org.springframework.test.context.transaction.TransactionalTestExecutionListener, org.springframework.test.context.jdbc.SqlScriptsTestExecutionListener]
2025-12-15 14:33:19.042  INFO 90984 --- [           main] .b.t.c.SpringBootTestContextBootstrapper : Using TestExecutionListeners: [org.springframework.test.context.web.ServletTestExecutionListener@489b7559, org.springframework.test.context.support.DirtiesContextBeforeModesTestExecutionListener@4028aab2, org.springframework.boot.test.mock.mockito.MockitoTestExecutionListener@37aea657, org.springframework.boot.test.autoconfigure.SpringBootDependencyInjectionTestExecutionListener@3ca9d3b2, org.springframework.test.context.support.DirtiesContextTestExecutionListener@2f8b48c3, org.springframework.test.context.transaction.TransactionalTestExecutionListener@2af31aba, org.springframework.test.context.jdbc.SqlScriptsTestExecutionListener@682d8dad, org.springframework.boot.test.mock.mockito.ResetMocksTestExecutionListener@1aebe759, org.springframework.boot.test.autoconfigure.restdocs.RestDocsTestExecutionListener@6fd37997, org.springframework.boot.test.autoconfigure.web.client.MockRestServiceServerResetTestExecutionListener@5dc7881d, org.springframework.boot.test.autoconfigure.web.servlet.MockMvcPrintOnlyOnFailureTestExecutionListener@590336ed, org.springframework.boot.test.autoconfigure.web.servlet.WebDriverTestExecutionListener@1c97c3bb]
[INFO] Tests run: 11, Failures: 0, Errors: 0, Skipped: 0, Time elapsed: 0.023 s - in br.lostpets.project.model.LostPetBuilderTest
[INFO] Running br.lostpets.project.model.UserBuilderTest
2025-12-15 14:33:19.066  INFO 90984 --- [           main] .b.t.c.SpringBootTestContextBootstrapper : Neither @ContextConfiguration nor @ContextHierarchy found for test class [br.lostpets.project.model.UserBuilderTest], using SpringBootContextLoader
2025-12-15 14:33:19.067  INFO 90984 --- [           main] o.s.t.c.support.AbstractContextLoader    : Could not detect default resource locations for test class [br.lostpets.project.model.UserBuilderTest]: no resource found for suffixes {-context.xml, Context.groovy}.
2025-12-15 14:33:19.067  INFO 90984 --- [           main] t.c.s.AnnotationConfigContextLoaderUtils : Could not detect default configuration classes for test class [br.lostpets.project.model.UserBuilderTest]: UserBuilderTest does not declare any static, non-private, non-final, nested classes annotated with @Configuration.
2025-12-15 14:33:19.068  INFO 90984 --- [           main] .b.t.c.SpringBootTestContextBootstrapper : Found @SpringBootConfiguration br.lostpets.project.ProjectApplication for test class br.lostpets.project.model.UserBuilderTest
2025-12-15 14:33:19.069  INFO 90984 --- [           main] .b.t.c.SpringBootTestContextBootstrapper : Loaded default TestExecutionListener class names from location [META-INF/spring.factories]: [org.springframework.boot.test.mock.mockito.MockitoTestExecutionListener, org.springframework.boot.test.mock.mockito.ResetMocksTestExecutionListener, org.springframework.boot.test.autoconfigure.restdocs.RestDocsTestExecutionListener, org.springframework.boot.test.autoconfigure.web.client.MockRestServiceServerResetTestExecutionListener, org.springframework.boot.test.autoconfigure.web.servlet.MockMvcPrintOnlyOnFailureTestExecutionListener, org.springframework.boot.test.autoconfigure.web.servlet.WebDriverTestExecutionListener, org.springframework.test.context.web.ServletTestExecutionListener, org.springframework.test.context.support.DirtiesContextBeforeModesTestExecutionListener, org.springframework.test.context.support.DependencyInjectionTestExecutionListener, org.springframework.test.context.support.DirtiesContextTestExecutionListener, org.springframework.test.context.transaction.TransactionalTestExecutionListener, org.springframework.test.context.jdbc.SqlScriptsTestExecutionListener]
2025-12-15 14:33:19.069  INFO 90984 --- [           main] .b.t.c.SpringBootTestContextBootstrapper : Using TestExecutionListeners: [org.springframework.test.context.web.ServletTestExecutionListener@8de4206, org.springframework.test.context.support.DirtiesContextBeforeModesTestExecutionListener@10f384a2, org.springframework.boot.test.mock.mockito.MockitoTestExecutionListener@57fae911, org.springframework.boot.test.autoconfigure.SpringBootDependencyInjectionTestExecutionListener@52a0bc48, org.springframework.test.context.support.DirtiesContextTestExecutionListener@28941a68, org.springframework.test.context.transaction.TransactionalTestExecutionListener@24ce5d4c, org.springframework.test.context.jdbc.SqlScriptsTestExecutionListener@24fc9aa5, org.springframework.boot.test.mock.mockito.ResetMocksTestExecutionListener@7369208e, org.springframework.boot.test.autoconfigure.restdocs.RestDocsTestExecutionListener@7ba623d1, org.springframework.boot.test.autoconfigure.web.client.MockRestServiceServerResetTestExecutionListener@2d5435d4, org.springframework.boot.test.autoconfigure.web.servlet.MockMvcPrintOnlyOnFailureTestExecutionListener@6dbdbb69, org.springframework.boot.test.autoconfigure.web.servlet.WebDriverTestExecutionListener@576a8b00]
[INFO] Tests run: 7, Failures: 0, Errors: 0, Skipped: 0, Time elapsed: 0.012 s - in br.lostpets.project.model.UserBuilderTest
[INFO] Running br.lostpets.project.model.AddressTest
[INFO] Tests run: 2, Failures: 0, Errors: 0, Skipped: 0, Time elapsed: 0.001 s - in br.lostpets.project.model.AddressTest
[INFO] Running br.lostpets.project.model.FoundAnimalTest
[INFO] Tests run: 4, Failures: 0, Errors: 0, Skipped: 0, Time elapsed: 0.003 s - in br.lostpets.project.model.FoundAnimalTest
[INFO] Running br.lostpets.project.model.PetStatusTransitionTest
2025-12-15 14:33:19.091  INFO 90984 --- [           main] .b.t.c.SpringBootTestContextBootstrapper : Neither @ContextConfiguration nor @ContextHierarchy found for test class [br.lostpets.project.model.PetStatusTransitionTest], using SpringBootContextLoader
2025-12-15 14:33:19.091  INFO 90984 --- [           main] o.s.t.c.support.AbstractContextLoader    : Could not detect default resource locations for test class [br.lostpets.project.model.PetStatusTransitionTest]: no resource found for suffixes {-context.xml, Context.groovy}.
2025-12-15 14:33:19.091  INFO 90984 --- [           main] t.c.s.AnnotationConfigContextLoaderUtils : Could not detect default configuration classes for test class [br.lostpets.project.model.PetStatusTransitionTest]: PetStatusTransitionTest does not declare any static, non-private, non-final, nested classes annotated with @Configuration.
2025-12-15 14:33:19.091  INFO 90984 --- [           main] .b.t.c.SpringBootTestContextBootstrapper : Found @SpringBootConfiguration br.lostpets.project.ProjectApplication for test class br.lostpets.project.model.PetStatusTransitionTest
2025-12-15 14:33:19.093  INFO 90984 --- [           main] .b.t.c.SpringBootTestContextBootstrapper : Loaded default TestExecutionListener class names from location [META-INF/spring.factories]: [org.springframework.boot.test.mock.mockito.MockitoTestExecutionListener, org.springframework.boot.test.mock.mockito.ResetMocksTestExecutionListener, org.springframework.boot.test.autoconfigure.restdocs.RestDocsTestExecutionListener, org.springframework.boot.test.autoconfigure.web.client.MockRestServiceServerResetTestExecutionListener, org.springframework.boot.test.autoconfigure.web.servlet.MockMvcPrintOnlyOnFailureTestExecutionListener, org.springframework.boot.test.autoconfigure.web.servlet.WebDriverTestExecutionListener, org.springframework.test.context.web.ServletTestExecutionListener, org.springframework.test.context.support.DirtiesContextBeforeModesTestExecutionListener, org.springframework.test.context.support.DependencyInjectionTestExecutionListener, org.springframework.test.context.support.DirtiesContextTestExecutionListener, org.springframework.test.context.transaction.TransactionalTestExecutionListener, org.springframework.test.context.jdbc.SqlScriptsTestExecutionListener]
2025-12-15 14:33:19.093  INFO 90984 --- [           main] .b.t.c.SpringBootTestContextBootstrapper : Using TestExecutionListeners: [org.springframework.test.context.web.ServletTestExecutionListener@693ed09d, org.springframework.test.context.support.DirtiesContextBeforeModesTestExecutionListener@4fc8163, org.springframework.boot.test.mock.mockito.MockitoTestExecutionListener@6c26e588, org.springframework.boot.test.autoconfigure.SpringBootDependencyInjectionTestExecutionListener@62f73b0c, org.springframework.test.context.support.DirtiesContextTestExecutionListener@7dd2a5f7, org.springframework.test.context.transaction.TransactionalTestExecutionListener@1d45c4b7, org.springframework.test.context.jdbc.SqlScriptsTestExecutionListener@46146832, org.springframework.boot.test.mock.mockito.ResetMocksTestExecutionListener@1d6014a7, org.springframework.boot.test.autoconfigure.restdocs.RestDocsTestExecutionListener@7575f7e1, org.springframework.boot.test.autoconfigure.web.client.MockRestServiceServerResetTestExecutionListener@4626f584, org.springframework.boot.test.autoconfigure.web.servlet.MockMvcPrintOnlyOnFailureTestExecutionListener@2396408a, org.springframework.boot.test.autoconfigure.web.servlet.WebDriverTestExecutionListener@3e4ead73]
[INFO] Tests run: 10, Failures: 0, Errors: 0, Skipped: 0, Time elapsed: 0.044 s - in br.lostpets.project.model.PetStatusTransitionTest
[INFO] Running br.lostpets.project.model.PetStatusDecisionTableTest
2025-12-15 14:33:19.141  INFO 90984 --- [           main] .b.t.c.SpringBootTestContextBootstrapper : Neither @ContextConfiguration nor @ContextHierarchy found for test class [br.lostpets.project.model.PetStatusDecisionTableTest], using SpringBootContextLoader
2025-12-15 14:33:19.141  INFO 90984 --- [           main] o.s.t.c.support.AbstractContextLoader    : Could not detect default resource locations for test class [br.lostpets.project.model.PetStatusDecisionTableTest]: no resource found for suffixes {-context.xml, Context.groovy}.
2025-12-15 14:33:19.141  INFO 90984 --- [           main] t.c.s.AnnotationConfigContextLoaderUtils : Could not detect default configuration classes for test class [br.lostpets.project.model.PetStatusDecisionTableTest]: PetStatusDecisionTableTest does not declare any static, non-private, non-final, nested classes annotated with @Configuration.
2025-12-15 14:33:19.141  INFO 90984 --- [           main] .b.t.c.SpringBootTestContextBootstrapper : Found @SpringBootConfiguration br.lostpets.project.ProjectApplication for test class br.lostpets.project.model.PetStatusDecisionTableTest
2025-12-15 14:33:19.141  INFO 90984 --- [           main] .b.t.c.SpringBootTestContextBootstrapper : Loaded default TestExecutionListener class names from location [META-INF/spring.factories]: [org.springframework.boot.test.mock.mockito.MockitoTestExecutionListener, org.springframework.boot.test.mock.mockito.ResetMocksTestExecutionListener, org.springframework.boot.test.autoconfigure.restdocs.RestDocsTestExecutionListener, org.springframework.boot.test.autoconfigure.web.client.MockRestServiceServerResetTestExecutionListener, org.springframework.boot.test.autoconfigure.web.servlet.MockMvcPrintOnlyOnFailureTestExecutionListener, org.springframework.boot.test.autoconfigure.web.servlet.WebDriverTestExecutionListener, org.springframework.test.context.web.ServletTestExecutionListener, org.springframework.test.context.support.DirtiesContextBeforeModesTestExecutionListener, org.springframework.test.context.support.DependencyInjectionTestExecutionListener, org.springframework.test.context.support.DirtiesContextTestExecutionListener, org.springframework.test.context.transaction.TransactionalTestExecutionListener, org.springframework.test.context.jdbc.SqlScriptsTestExecutionListener]
2025-12-15 14:33:19.142  INFO 90984 --- [           main] .b.t.c.SpringBootTestContextBootstrapper : Using TestExecutionListeners: [org.springframework.test.context.web.ServletTestExecutionListener@35d53cd8, org.springframework.test.context.support.DirtiesContextBeforeModesTestExecutionListener@1bed61d2, org.springframework.boot.test.mock.mockito.MockitoTestExecutionListener@8a11a19, org.springframework.boot.test.autoconfigure.SpringBootDependencyInjectionTestExecutionListener@47393345, org.springframework.test.context.support.DirtiesContextTestExecutionListener@5b16e486, org.springframework.test.context.transaction.TransactionalTestExecutionListener@2b85edc7, org.springframework.test.context.jdbc.SqlScriptsTestExecutionListener@2bf45b7c, org.springframework.boot.test.mock.mockito.ResetMocksTestExecutionListener@2559f65c, org.springframework.boot.test.autoconfigure.restdocs.RestDocsTestExecutionListener@490704a5, org.springframework.boot.test.autoconfigure.web.client.MockRestServiceServerResetTestExecutionListener@4d682397, org.springframework.boot.test.autoconfigure.web.servlet.MockMvcPrintOnlyOnFailureTestExecutionListener@444ebefd, org.springframework.boot.test.autoconfigure.web.servlet.WebDriverTestExecutionListener@2ecf4b3e]
[INFO] Tests run: 7, Failures: 0, Errors: 0, Skipped: 0, Time elapsed: 0.004 s - in br.lostpets.project.model.PetStatusDecisionTableTest
[INFO] Running br.lostpets.project.model.LostPetTest
[INFO] Tests run: 4, Failures: 0, Errors: 0, Skipped: 0, Time elapsed: 0 s - in br.lostpets.project.model.LostPetTest
[INFO] Running br.lostpets.project.model.InfoPetTest
[INFO] Tests run: 3, Failures: 0, Errors: 0, Skipped: 0, Time elapsed: 0 s - in br.lostpets.project.model.InfoPetTest
[INFO] Running br.lostpets.project.service.UserServiceTest
2025-12-15 14:33:19.155  INFO 90984 --- [           main] .b.t.c.SpringBootTestContextBootstrapper : Neither @ContextConfiguration nor @ContextHierarchy found for test class [br.lostpets.project.service.UserServiceTest], using SpringBootContextLoader
2025-12-15 14:33:19.155  INFO 90984 --- [           main] o.s.t.c.support.AbstractContextLoader    : Could not detect default resource locations for test class [br.lostpets.project.service.UserServiceTest]: no resource found for suffixes {-context.xml, Context.groovy}.
2025-12-15 14:33:19.155  INFO 90984 --- [           main] t.c.s.AnnotationConfigContextLoaderUtils : Could not detect default configuration classes for test class [br.lostpets.project.service.UserServiceTest]: UserServiceTest does not declare any static, non-private, non-final, nested classes annotated with @Configuration.
2025-12-15 14:33:19.167  INFO 90984 --- [           main] .b.t.c.SpringBootTestContextBootstrapper : Found @SpringBootConfiguration br.lostpets.project.ProjectApplication for test class br.lostpets.project.service.UserServiceTest
2025-12-15 14:33:19.168  INFO 90984 --- [           main] .b.t.c.SpringBootTestContextBootstrapper : Loaded default TestExecutionListener class names from location [META-INF/spring.factories]: [org.springframework.boot.test.mock.mockito.MockitoTestExecutionListener, org.springframework.boot.test.mock.mockito.ResetMocksTestExecutionListener, org.springframework.boot.test.autoconfigure.restdocs.RestDocsTestExecutionListener, org.springframework.boot.test.autoconfigure.web.client.MockRestServiceServerResetTestExecutionListener, org.springframework.boot.test.autoconfigure.web.servlet.MockMvcPrintOnlyOnFailureTestExecutionListener, org.springframework.boot.test.autoconfigure.web.servlet.WebDriverTestExecutionListener, org.springframework.test.context.web.ServletTestExecutionListener, org.springframework.test.context.support.DirtiesContextBeforeModesTestExecutionListener, org.springframework.test.context.support.DependencyInjectionTestExecutionListener, org.springframework.test.context.support.DirtiesContextTestExecutionListener, org.springframework.test.context.transaction.TransactionalTestExecutionListener, org.springframework.test.context.jdbc.SqlScriptsTestExecutionListener]
2025-12-15 14:33:19.168  INFO 90984 --- [           main] .b.t.c.SpringBootTestContextBootstrapper : Using TestExecutionListeners: [org.springframework.test.context.web.ServletTestExecutionListener@6d5d1204, org.springframework.test.context.support.DirtiesContextBeforeModesTestExecutionListener@1784a296, org.springframework.boot.test.mock.mockito.MockitoTestExecutionListener@49ea4b65, org.springframework.boot.test.autoconfigure.SpringBootDependencyInjectionTestExecutionListener@4af6839c, org.springframework.test.context.support.DirtiesContextTestExecutionListener@4f3e65f4, org.springframework.test.context.transaction.TransactionalTestExecutionListener@7d1cfe97, org.springframework.test.context.jdbc.SqlScriptsTestExecutionListener@66b62332, org.springframework.boot.test.mock.mockito.ResetMocksTestExecutionListener@1822a61b, org.springframework.boot.test.autoconfigure.restdocs.RestDocsTestExecutionListener@240f712e, org.springframework.boot.test.autoconfigure.web.client.MockRestServiceServerResetTestExecutionListener@3e7ddb7e, org.springframework.boot.test.autoconfigure.web.servlet.MockMvcPrintOnlyOnFailureTestExecutionListener@6905d030, org.springframework.boot.test.autoconfigure.web.servlet.WebDriverTestExecutionListener@641ab175]
2025-12-15 14:33:19.171  INFO 90984 --- [           main] o.s.t.c.transaction.TransactionContext   : Began transaction (1) for test context [DefaultTestContext@3fe11091 testClass = UserServiceTest, testInstance = br.lostpets.project.service.UserServiceTest@7995a589, testMethod = usuarioCriado@UserServiceTest, testException = [null], mergedContextConfiguration = [WebMergedContextConfiguration@66b3eab0 testClass = UserServiceTest, locations = '{}', classes = '{class br.lostpets.project.ProjectApplication}', contextInitializerClasses = '[]', activeProfiles = '{}', propertySourceLocations = '{}', propertySourceProperties = '{org.springframework.boot.test.context.SpringBootTestContextBootstrapper=true}', contextCustomizers = set[org.springframework.boot.test.context.filter.ExcludeFilterContextCustomizer@13acb0d1, org.springframework.boot.test.json.DuplicateJsonObjectContextCustomizerFactory$DuplicateJsonObjectContextCustomizer@2b6856dd, org.springframework.boot.test.mock.mockito.MockitoContextCustomizer@0, org.springframework.boot.test.web.client.TestRestTemplateContextCustomizer@1198b989, org.springframework.boot.test.autoconfigure.properties.PropertyMappingContextCustomizer@0, org.springframework.boot.test.autoconfigure.web.servlet.WebDriverContextCustomizerFactory$Customizer@75f32542], resourceBasePath = 'src/main/webapp', contextLoader = 'org.springframework.boot.test.context.SpringBootContextLoader', parent = [null]], attributes = map['org.springframework.test.context.web.ServletTestExecutionListener.activateListener' -> true, 'org.springframework.test.context.web.ServletTestExecutionListener.populatedRequestContextHolder' -> true, 'org.springframework.test.context.web.ServletTestExecutionListener.resetRequestContextHolder' -> true]]; transaction manager [org.springframework.orm.jpa.JpaTransactionManager@7267006e]; rollback [true]
2025-12-15 14:33:19.177  INFO 90984 --- [           main] o.s.t.c.transaction.TransactionContext   : Rolled back transaction for test: [DefaultTestContext@3fe11091 testClass = UserServiceTest, testInstance = br.lostpets.project.service.UserServiceTest@7995a589, testMethod = usuarioCriado@UserServiceTest, testException = [null], mergedContextConfiguration = [WebMergedContextConfiguration@66b3eab0 testClass = UserServiceTest, locations = '{}', classes = '{class br.lostpets.project.ProjectApplication}', contextInitializerClasses = '[]', activeProfiles = '{}', propertySourceLocations = '{}', propertySourceProperties = '{org.springframework.boot.test.context.SpringBootTestContextBootstrapper=true}', contextCustomizers = set[org.springframework.boot.test.context.filter.ExcludeFilterContextCustomizer@13acb0d1, org.springframework.boot.test.json.DuplicateJsonObjectContextCustomizerFactory$DuplicateJsonObjectContextCustomizer@2b6856dd, org.springframework.boot.test.mock.mockito.MockitoContextCustomizer@0, org.springframework.boot.test.web.client.TestRestTemplateContextCustomizer@1198b989, org.springframework.boot.test.autoconfigure.properties.PropertyMappingContextCustomizer@0, org.springframework.boot.test.autoconfigure.web.servlet.WebDriverContextCustomizerFactory$Customizer@75f32542], resourceBasePath = 'src/main/webapp', contextLoader = 'org.springframework.boot.test.context.SpringBootContextLoader', parent = [null]], attributes = map['org.springframework.test.context.web.ServletTestExecutionListener.activateListener' -> true, 'org.springframework.test.context.web.ServletTestExecutionListener.populatedRequestContextHolder' -> true, 'org.springframework.test.context.web.ServletTestExecutionListener.resetRequestContextHolder' -> true]]
2025-12-15 14:33:19.180  INFO 90984 --- [           main] o.s.t.c.transaction.TransactionContext   : Began transaction (1) for test context [DefaultTestContext@3fe11091 testClass = UserServiceTest, testInstance = br.lostpets.project.service.UserServiceTest@5ca10d0e, testMethod = testeBooleanEmail@UserServiceTest, testException = [null], mergedContextConfiguration = [WebMergedContextConfiguration@66b3eab0 testClass = UserServiceTest, locations = '{}', classes = '{class br.lostpets.project.ProjectApplication}', contextInitializerClasses = '[]', activeProfiles = '{}', propertySourceLocations = '{}', propertySourceProperties = '{org.springframework.boot.test.context.SpringBootTestContextBootstrapper=true}', contextCustomizers = set[org.springframework.boot.test.context.filter.ExcludeFilterContextCustomizer@13acb0d1, org.springframework.boot.test.json.DuplicateJsonObjectContextCustomizerFactory$DuplicateJsonObjectContextCustomizer@2b6856dd, org.springframework.boot.test.mock.mockito.MockitoContextCustomizer@0, org.springframework.boot.test.web.client.TestRestTemplateContextCustomizer@1198b989, org.springframework.boot.test.autoconfigure.properties.PropertyMappingContextCustomizer@0, org.springframework.boot.test.autoconfigure.web.servlet.WebDriverContextCustomizerFactory$Customizer@75f32542], resourceBasePath = 'src/main/webapp', contextLoader = 'org.springframework.boot.test.context.SpringBootContextLoader', parent = [null]], attributes = map['org.springframework.test.context.web.ServletTestExecutionListener.activateListener' -> true, 'org.springframework.test.context.web.ServletTestExecutionListener.populatedRequestContextHolder' -> true, 'org.springframework.test.context.web.ServletTestExecutionListener.resetRequestContextHolder' -> true]]; transaction manager [org.springframework.orm.jpa.JpaTransactionManager@7267006e]; rollback [true]
O RETORNO : false
2025-12-15 14:33:19.184  INFO 90984 --- [           main] o.s.t.c.transaction.TransactionContext   : Rolled back transaction for test: [DefaultTestContext@3fe11091 testClass = UserServiceTest, testInstance = br.lostpets.project.service.UserServiceTest@5ca10d0e, testMethod = testeBooleanEmail@UserServiceTest, testException = [null], mergedContextConfiguration = [WebMergedContextConfiguration@66b3eab0 testClass = UserServiceTest, locations = '{}', classes = '{class br.lostpets.project.ProjectApplication}', contextInitializerClasses = '[]', activeProfiles = '{}', propertySourceLocations = '{}', propertySourceProperties = '{org.springframework.boot.test.context.SpringBootTestContextBootstrapper=true}', contextCustomizers = set[org.springframework.boot.test.context.filter.ExcludeFilterContextCustomizer@13acb0d1, org.springframework.boot.test.json.DuplicateJsonObjectContextCustomizerFactory$DuplicateJsonObjectContextCustomizer@2b6856dd, org.springframework.boot.test.mock.mockito.MockitoContextCustomizer@0, org.springframework.boot.test.web.client.TestRestTemplateContextCustomizer@1198b989, org.springframework.boot.test.autoconfigure.properties.PropertyMappingContextCustomizer@0, org.springframework.boot.test.autoconfigure.web.servlet.WebDriverContextCustomizerFactory$Customizer@75f32542], resourceBasePath = 'src/main/webapp', contextLoader = 'org.springframework.boot.test.context.SpringBootContextLoader', parent = [null]], attributes = map['org.springframework.test.context.web.ServletTestExecutionListener.activateListener' -> true, 'org.springframework.test.context.web.ServletTestExecutionListener.populatedRequestContextHolder' -> true, 'org.springframework.test.context.web.ServletTestExecutionListener.resetRequestContextHolder' -> true]]
[INFO] Tests run: 2, Failures: 0, Errors: 0, Skipped: 0, Time elapsed: 0.021 s - in br.lostpets.project.service.UserServiceTest
[INFO] Running br.lostpets.project.service.ViaCepTest
2025-12-15 14:33:19.185  INFO 90984 --- [           main] br.lostpets.project.service.ViaCep       : ViaCep service initialized
2025-12-15 14:33:20.495 ERROR 90984 --- [           main] br.lostpets.project.service.ViaCep       : HERE API returned status 401: for CEP 08411-570
null
[INFO] Tests run: 1, Failures: 0, Errors: 0, Skipped: 0, Time elapsed: 1.309 s - in br.lostpets.project.service.ViaCepTest
2025-12-15 14:33:20.502  INFO 90984 --- [       Thread-2] o.s.s.concurrent.ThreadPoolTaskExecutor  : Shutting down ExecutorService 'applicationTaskExecutor'
2025-12-15 14:33:20.503  INFO 90984 --- [       Thread-2] j.LocalContainerEntityManagerFactoryBean : Closing JPA EntityManagerFactory for persistence unit 'default'
2025-12-15 14:33:20.504  INFO 90984 --- [       Thread-2] .SchemaDropperImpl$DelayedDropActionImpl : HHH000477: Starting delayed evictData of schema as part of SessionFactory shut-down'
2025-12-15 14:33:20.509  INFO 90984 --- [       Thread-2] o.s.b.f.support.DisposableBeanAdapter    : Invocation of destroy method failed on bean with name 'inMemoryDatabaseShutdownExecutor': org.h2.jdbc.JdbcSQLException: Database is already closed (to disable automatic closing at VM shutdown, add ";DB_CLOSE_ON_EXIT=FALSE" to the db URL) [90121-197]
2025-12-15 14:33:20.510  INFO 90984 --- [       Thread-2] com.zaxxer.hikari.HikariDataSource       : HikariPool-1 - Shutdown initiated...
2025-12-15 14:33:20.511  INFO 90984 --- [       Thread-2] com.zaxxer.hikari.HikariDataSource       : HikariPool-1 - Shutdown completed.
[INFO] 
[INFO] Results:
[INFO] 
[INFO] Tests run: 75, Failures: 0, Errors: 0, Skipped: 0
[INFO] 
[INFO] ------------------------------------------------------------------------
[INFO] BUILD SUCCESS
[INFO] ------------------------------------------------------------------------
[INFO] Total time:  11.531 s
[INFO] Finished at: 2025-12-15T14:33:20+08:00
[INFO] ------------------------------------------------------------------------
